<?xml version="1.0" encoding="UTF-8"?>
<testsuite name="com.kkiri_trip.back.Feed.FeedControllerTest" tests="1" skipped="0" failures="0" errors="0" timestamp="2025-04-02T14:17:54.515Z" hostname="gangdaehuiui-noteubug.local" time="0.084">
  <properties/>
  <testcase name="존재하지 않는 피드를 삭제하면 예외가 발생한다." classname="com.kkiri_trip.back.Feed.FeedControllerTest" time="0.084"/>
  <system-out><![CDATA[23:17:53.361 [Test worker] INFO org.springframework.test.context.support.AnnotationConfigContextLoaderUtils -- Could not detect default configuration classes for test class [com.kkiri_trip.back.Feed.FeedControllerTest]: FeedControllerTest does not declare any static, non-private, non-final, nested classes annotated with @Configuration.
23:17:53.418 [Test worker] INFO org.springframework.boot.test.context.SpringBootTestContextBootstrapper -- Found @SpringBootConfiguration com.kkiri_trip.back.BackApplication for test class com.kkiri_trip.back.Feed.FeedControllerTest

  .   ____          _            __ _ _
 /\\ / ___'_ __ _ _(_)_ __  __ _ \ \ \ \
( ( )\___ | '_ | '_| | '_ \/ _` | \ \ \ \
 \\/  ___)| |_)| | | | | || (_| |  ) ) ) )
  '  |____| .__|_| |_|_| |_\__, | / / / /
 =========|_|==============|___/=/_/_/_/

 :: Spring Boot ::                (v3.4.4)

2025-04-02T23:17:53.588+09:00  INFO 93538 --- [    Test worker] c.k.back.Feed.FeedControllerTest         : Starting FeedControllerTest using Java 17.0.10 with PID 93538 (started by kangdaehee in /Users/kangdaehee/Documents/BACK)
2025-04-02T23:17:53.588+09:00  INFO 93538 --- [    Test worker] c.k.back.Feed.FeedControllerTest         : No active profile set, falling back to 1 default profile: "default"
2025-04-02T23:17:54.490+09:00  INFO 93538 --- [    Test worker] o.s.b.t.m.w.SpringBootMockServletContext : Initializing Spring TestDispatcherServlet ''
2025-04-02T23:17:54.491+09:00  INFO 93538 --- [    Test worker] o.s.t.web.servlet.TestDispatcherServlet  : Initializing Servlet ''
2025-04-02T23:17:54.492+09:00  INFO 93538 --- [    Test worker] o.s.t.web.servlet.TestDispatcherServlet  : Completed initialization in 0 ms
2025-04-02T23:17:54.508+09:00  INFO 93538 --- [    Test worker] c.k.back.Feed.FeedControllerTest         : Started FeedControllerTest in 1.058 seconds (process running for 1.487)
]]></system-out>
  <system-err><![CDATA[]]></system-err>
</testsuite>
